[2023-10-28 18:52:01] Logging was successfully.
[2023-10-28 18:56:46] unauthorized login(Someone tried to access admin panel).
[2023-10-28 18:56:53] Logging was successfully.
[2023-10-28 20:29:08] Logging was successfully.
[2023-10-28 20:29:08] Logging was successfully.
[2023-10-28 20:29:08] Logging was successfully.
[2023-10-28 20:29:20] unauthorized login(Someone tried to access admin panel).
[2023-10-30 12:33:47] unauthorized login(Someone tried to access admin panel).
[2023-10-30 12:33:52] Logging was successfully.
[2023-10-31 10:20:15] unauthorized login(Someone try to acces admin panel).
[2023-10-31 10:20:23] Logging was successfully.
[2023-10-31 10:20:24] Logging was successfully.
[2023-10-31 10:20:24] Logging was successfully.
[2023-10-31 16:29:30] Logging was successfully.
[2023-10-31 18:07:13] Logging was successfully.
[2023-10-31 18:21:16] Logging was successfully.
[2023-10-31 18:22:25] Logging was successfully.
[2023-10-31 18:32:16] Logging was successfully.
[2023-10-31 23:05:58] Logging was successfully.
[2023-10-31 23:06:31] Logging was successfully.
[2023-11-02 12:24:54] Logging was successfully.
[2023-11-02 12:26:56] Logging was successfully.
[2023-11-02 12:27:50] Logging was successfully.
[2023-11-02 12:42:59] Logging was successfully.
[2023-11-02 13:11:54] Logging was successfully.
[2023-11-02 13:15:33] Logging was successfully.
[2023-11-02 13:21:05] Logging was successfully.
[2023-11-02 13:22:03] Logging was successfully.
[2023-11-02 13:41:40] Logging was successfully.
[2023-11-02 17:58:16] Logging was successfully.
[2023-11-02 18:21:44] Logging was successfully.
[2023-11-02 18:24:54] Logging was successfully.
[2023-11-02 18:44:43] The app has opened.
[2023-11-02 19:03:00] The app has opened.
[2023-11-02 19:03:13] The app has opened.
[2023-11-02 19:03:23] The cars are displayed depending on what was selected in the comboBoxes.
[2023-11-02 19:03:34] The car has been selected.
[2023-11-02 19:03:40] The loginFrame was opened.
